# JRE version: Java(TM) SE Runtime Environment (18.0.1.1+2) (build 18.0.1.1+2-6)
# Java VM: Java HotSpot(TM) 64-Bit Server VM (18.0.1.1+2-6, mixed mode, sharing, tiered, compressed oops, compressed class ptrs, g1 gc, windows-amd64)
GC Precious Log:
 CardTable entry size: 512
 Card Set container configuration: InlinePtr #cards 5 size 8 Array Of Cards #cards 12 size 40 Howl #buckets 4 coarsen threshold 1843 Howl Bitmap #cards 512 size 80 coarsen threshold 460 Card regions per heap region 1 cards per card region 2048
 CPUs: 6 total, 6 available
 Memory: 8123M
 Large Page Support: Disabled
 NUMA Support: Disabled
 Compressed Oops: Enabled (32-bit)
 Heap Region Size: 1M
 Heap Min Capacity: 8M
 Heap Initial Capacity: 128M
 Heap Max Capacity: 2G
 Pre-touch: Disabled
 Parallel Workers: 6
 Concurrent Workers: 2
 Concurrent Refinement Workers: 6
 Periodic GC: Disabled
Heap:
 garbage-first heap   total 94208K, used 59059K [0x0000000080000000, 0x0000000100000000)
  region size 1024K, 7 young (7168K), 2 survivors (2048K)
 Metaspace       used 64265K, committed 66048K, reserved 487424K
  class space    used 9002K, committed 9920K, reserved 421888K
GC Heap History (20 events):
Event: 62.440 GC heap before
{Heap before GC invocations=12 (full 0):
 garbage-first heap   total 81920K, used 45888K [0x0000000080000000, 0x0000000100000000)
  region size 1024K, 13 young (13312K), 2 survivors (2048K)
 Metaspace       used 42931K, committed 44416K, reserved 487424K
  class space    used 6027K, committed 6784K, reserved 421888K
}
Event: 62.444 GC heap after
{Heap after GC invocations=13 (full 0):
 garbage-first heap   total 81920K, used 36909K [0x0000000080000000, 0x0000000100000000)
  region size 1024K, 3 young (3072K), 3 survivors (3072K)
 Metaspace       used 42931K, committed 44416K, reserved 487424K
  class space    used 6027K, committed 6784K, reserved 421888K
}
Event: 63.689 GC heap before
{Heap before GC invocations=13 (full 0):
 garbage-first heap   total 81920K, used 66605K [0x0000000080000000, 0x0000000100000000)
  region size 1024K, 29 young (29696K), 3 survivors (3072K)
 Metaspace       used 46937K, committed 48512K, reserved 487424K
  class space    used 6607K, committed 7424K, reserved 421888K
}
Event: 63.694 GC heap after
{Heap after GC invocations=14 (full 0):
 garbage-first heap   total 81920K, used 42621K [0x0000000080000000, 0x0000000100000000)
  region size 1024K, 4 young (4096K), 4 survivors (4096K)
 Metaspace       used 46937K, committed 48512K, reserved 487424K
  class space    used 6607K, committed 7424K, reserved 421888K
}
Event: 66.563 GC heap before
{Heap before GC invocations=14 (full 0):
 garbage-first heap   total 81920K, used 65149K [0x0000000080000000, 0x0000000100000000)
  region size 1024K, 26 young (26624K), 4 survivors (4096K)
 Metaspace       used 49666K, committed 51392K, reserved 487424K
  class space    used 7021K, committed 7936K, reserved 421888K
}
Event: 66.566 GC heap after
{Heap after GC invocations=15 (full 0):
 garbage-first heap   total 81920K, used 44152K [0x0000000080000000, 0x0000000100000000)
  region size 1024K, 2 young (2048K), 2 survivors (2048K)
 Metaspace       used 49666K, committed 51392K, reserved 487424K
  class space    used 7021K, committed 7936K, reserved 421888K
}
Event: 71.989 GC heap before
{Heap before GC invocations=16 (full 0):
 garbage-first heap   total 81920K, used 65656K [0x0000000080000000, 0x0000000100000000)
  region size 1024K, 23 young (23552K), 2 survivors (2048K)
 Metaspace       used 52373K, committed 54080K, reserved 487424K
  class space    used 7409K, committed 8320K, reserved 421888K
}
Event: 71.992 GC heap after
{Heap after GC invocations=17 (full 0):
 garbage-first heap   total 81920K, used 45045K [0x0000000080000000, 0x0000000100000000)
  region size 1024K, 3 young (3072K), 3 survivors (3072K)
 Metaspace       used 52373K, committed 54080K, reserved 487424K
  class space    used 7409K, committed 8320K, reserved 421888K
}
Event: 72.553 GC heap before
{Heap before GC invocations=17 (full 0):
 garbage-first heap   total 81920K, used 66549K [0x0000000080000000, 0x0000000100000000)
  region size 1024K, 24 young (24576K), 3 survivors (3072K)
 Metaspace       used 54584K, committed 56320K, reserved 487424K
  class space    used 7647K, committed 8576K, reserved 421888K
}
Event: 72.556 GC heap after
{Heap after GC invocations=18 (full 0):
 garbage-first heap   total 81920K, used 46056K [0x0000000080000000, 0x0000000100000000)
  region size 1024K, 3 young (3072K), 3 survivors (3072K)
 Metaspace       used 54584K, committed 56320K, reserved 487424K
  class space    used 7647K, committed 8576K, reserved 421888K
}
Event: 72.875 GC heap before
{Heap before GC invocations=19 (full 0):
 garbage-first heap   total 83968K, used 65512K [0x0000000080000000, 0x0000000100000000)
  region size 1024K, 22 young (22528K), 3 survivors (3072K)
 Metaspace       used 56251K, committed 57984K, reserved 487424K
  class space    used 7898K, committed 8832K, reserved 421888K
}
Event: 72.880 GC heap after
{Heap after GC invocations=20 (full 0):
 garbage-first heap   total 83968K, used 47496K [0x0000000080000000, 0x0000000100000000)
  region size 1024K, 3 young (3072K), 3 survivors (3072K)
 Metaspace       used 56251K, committed 57984K, reserved 487424K
  class space    used 7898K, committed 8832K, reserved 421888K
}
Event: 73.396 GC heap before
{Heap before GC invocations=20 (full 0):
 garbage-first heap   total 83968K, used 67976K [0x0000000080000000, 0x0000000100000000)
  region size 1024K, 23 young (23552K), 3 survivors (3072K)
 Metaspace       used 57711K, committed 59392K, reserved 487424K
  class space    used 8130K, committed 9024K, reserved 421888K
}
Event: 73.400 GC heap after
{Heap after GC invocations=21 (full 0):
 garbage-first heap   total 83968K, used 49134K [0x0000000080000000, 0x0000000100000000)
  region size 1024K, 3 young (3072K), 3 survivors (3072K)
 Metaspace       used 57711K, committed 59392K, reserved 487424K
  class space    used 8130K, committed 9024K, reserved 421888K
}
Event: 73.892 GC heap before
{Heap before GC invocations=22 (full 0):
 garbage-first heap   total 86016K, used 68590K [0x0000000080000000, 0x0000000100000000)
  region size 1024K, 22 young (22528K), 3 survivors (3072K)
 Metaspace       used 59114K, committed 60864K, reserved 487424K
  class space    used 8328K, committed 9216K, reserved 421888K
}
Event: 73.898 GC heap after
{Heap after GC invocations=23 (full 0):
 garbage-first heap   total 86016K, used 50932K [0x0000000080000000, 0x0000000100000000)
  region size 1024K, 2 young (2048K), 2 survivors (2048K)
 Metaspace       used 59114K, committed 60864K, reserved 487424K
  class space    used 8328K, committed 9216K, reserved 421888K
}
Event: 74.361 GC heap before
{Heap before GC invocations=23 (full 0):
 garbage-first heap   total 86016K, used 69364K [0x0000000080000000, 0x0000000100000000)
  region size 1024K, 21 young (21504K), 2 survivors (2048K)
 Metaspace       used 61413K, committed 63168K, reserved 487424K
  class space    used 8601K, committed 9536K, reserved 421888K
}
Event: 74.367 GC heap after
{Heap after GC invocations=24 (full 0):
 garbage-first heap   total 86016K, used 53615K [0x0000000080000000, 0x0000000100000000)
  region size 1024K, 3 young (3072K), 3 survivors (3072K)
 Metaspace       used 61413K, committed 63168K, reserved 487424K
  class space    used 8601K, committed 9536K, reserved 421888K
}
Event: 83.592 GC heap before
{Heap before GC invocations=25 (full 0):
 garbage-first heap   total 94208K, used 68975K [0x0000000080000000, 0x0000000100000000)
  region size 1024K, 18 young (18432K), 3 survivors (3072K)
 Metaspace       used 63887K, committed 65664K, reserved 487424K
  class space    used 8943K, committed 9856K, reserved 421888K
}
Event: 83.596 GC heap after
{Heap after GC invocations=26 (full 0):
 garbage-first heap   total 94208K, used 54963K [0x0000000080000000, 0x0000000100000000)
  region size 1024K, 2 young (2048K), 2 survivors (2048K)
 Metaspace       used 63887K, committed 65664K, reserved 487424K
  class space    used 8943K, committed 9856K, reserved 421888K
}

